<?xml version="1.0" encoding="UTF-8"?>
<testng-results skipped="0" failed="0" total="1" passed="1">
  <reporter-output>
  </reporter-output>
  <suite name="Suite" duration-ms="13448" started-at="2021-02-16T08:16:09Z" finished-at="2021-02-16T08:16:23Z">
    <groups>
      <group name="cucumber">
        <method signature="AbstractTestNGCucumberTests.runScenario(io.cucumber.testng.PickleWrapper, io.cucumber.testng.FeatureWrapper)[pri:0, instance:tests.PlacementTestRunner@553f17c]" name="runScenario" class="io.cucumber.testng.AbstractTestNGCucumberTests"/>
      </group> <!-- cucumber -->
    </groups>
    <test name="Test" duration-ms="13448" started-at="2021-02-16T08:16:09Z" finished-at="2021-02-16T08:16:23Z">
      <class name="tests.PlacementTestRunner">
        <test-method status="PASS" signature="setUpClass()[pri:0, instance:tests.PlacementTestRunner@553f17c]" name="setUpClass" is-config="true" duration-ms="719" started-at="2021-02-16T13:46:09Z" finished-at="2021-02-16T13:46:10Z">
          <reporter-output>
          </reporter-output>
        </test-method> <!-- setUpClass -->
        <test-method status="PASS" signature="runScenario(io.cucumber.testng.PickleWrapper, io.cucumber.testng.FeatureWrapper)[pri:0, instance:tests.PlacementTestRunner@553f17c]" name="runScenario" duration-ms="12619" started-at="2021-02-16T13:46:10Z" description="Runs Cucumber Scenarios" data-provider="scenarios" finished-at="2021-02-16T13:46:23Z">
          <params>
            <param index="0">
              <value>
                <![CDATA["validate placemnt page test"]]>
              </value>
            </param>
            <param index="1">
              <value>
                <![CDATA["Optional[placementpage test]"]]>
              </value>
            </param>
          </params>
          <reporter-output>
          </reporter-output>
        </test-method> <!-- runScenario -->
        <test-method status="PASS" signature="tearDownClass()[pri:0, instance:tests.PlacementTestRunner@553f17c]" name="tearDownClass" is-config="true" duration-ms="83" started-at="2021-02-16T13:46:23Z" finished-at="2021-02-16T13:46:23Z">
          <reporter-output>
          </reporter-output>
        </test-method> <!-- tearDownClass -->
      </class> <!-- tests.PlacementTestRunner -->
    </test> <!-- Test -->
  </suite> <!-- Suite -->
</testng-results>
